\BOOKMARK [1][-]{section.1}{Latency test}{}% 1
\BOOKMARK [2][-]{subsection.1.1}{Activated policies}{section.1}% 2
\BOOKMARK [2][-]{subsection.1.2}{Supported schedualing policies}{section.1}% 3
\BOOKMARK [2][-]{subsection.1.3}{Cyclictest}{section.1}% 4
\BOOKMARK [2][-]{subsection.1.4}{Test}{section.1}% 5
\BOOKMARK [3][-]{subsubsection.1.4.1}{SHED\137OTHER}{subsection.1.4}% 6
\BOOKMARK [3][-]{subsubsection.1.4.2}{SHED\137FIFO}{subsection.1.4}% 7
\BOOKMARK [3][-]{subsubsection.1.4.3}{SHED\137RR}{subsection.1.4}% 8
\BOOKMARK [3][-]{subsubsection.1.4.4}{Conclusion}{subsection.1.4}% 9
\BOOKMARK [2][-]{subsection.1.5}{Cyclictest + Hackbench}{section.1}% 10
\BOOKMARK [3][-]{subsubsection.1.5.1}{Hackbench under SHED\137OTHER and priority 20}{subsection.1.5}% 11
\BOOKMARK [3][-]{subsubsection.1.5.2}{Volontary}{subsection.1.5}% 12
\BOOKMARK [3][-]{subsubsection.1.5.3}{Preempt-rt}{subsection.1.5}% 13
\BOOKMARK [3][-]{subsubsection.1.5.4}{Hackbench under RT scheduling policies and priority 49}{subsection.1.5}% 14
\BOOKMARK [3][-]{subsubsection.1.5.5}{SHED\137FIFO}{subsection.1.5}% 15
\BOOKMARK [3][-]{subsubsection.1.5.6}{SHED\137RR}{subsection.1.5}% 16
\BOOKMARK [3][-]{subsubsection.1.5.7}{Consclusion}{subsection.1.5}% 17
\BOOKMARK [1][-]{section.2}{ADA concurrent programs}{}% 18
\BOOKMARK [2][-]{subsection.2.1}{Program 1}{section.2}% 19
\BOOKMARK [2][-]{subsection.2.2}{Program 2}{section.2}% 20
